make[1]: Entering directory '/usr/src/linux-headers-6.8.0-106-generic'
make --no-print-directory -C /usr/src/linux-headers-6.8.0-106-generic \
-f /usr/src/linux-headers-6.8.0-106-generic/Makefile modules
warning: the compiler differs from the one used to build the kernel
  The kernel was built by: x86_64-linux-gnu-gcc-13 (Ubuntu 13.3.0-6ubuntu2~24.04.1) 13.3.0
  You are using:           gcc-13 (Ubuntu 13.3.0-6ubuntu2~24.04.1) 13.3.0
make -f ./scripts/Makefile.build obj=/root/hfcldd-4.8.22.4388 need-builtin=1 need-modorder=1 
# CC [M]  /root/hfcldd-4.8.22.4388/hraslog_link.o
  gcc-13 -Wp,-MMD,/root/hfcldd-4.8.22.4388/.hraslog_link.o.d -nostdinc -I./arch/x86/include -I./arch/x86/include/generated  -I./include -I./arch/x86/include/uapi -I./arch/x86/include/generated/uapi -I./include/uapi -I./include/generated/uapi -include ./include/linux/compiler-version.h -include ./include/linux/kconfig.h -I./ubuntu/include -include ./include/linux/compiler_types.h -D__KERNEL__ -fmacro-prefix-map=./= -std=gnu11 -fshort-wchar -funsigned-char -fno-common -fno-PIE -fno-strict-aliasing -mno-sse -mno-mmx -mno-sse2 -mno-3dnow -mno-avx -fcf-protection=none -m64 -falign-jumps=1 -falign-loops=1 -mno-80387 -mno-fp-ret-in-387 -mpreferred-stack-boundary=3 -mskip-rax-setup -mtune=generic -mno-red-zone -mcmodel=kernel -Wno-sign-compare -fno-asynchronous-unwind-tables -mindirect-branch=thunk-extern -mindirect-branch-register -mindirect-branch-cs-prefix -mfunction-return=thunk-extern -fno-jump-tables -mharden-sls=all -fpatchable-function-entry=16,16 -fno-delete-null-pointer-checks -O2 -fno-allow-store-data-races -fstack-protector-strong -fno-omit-frame-pointer -fno-optimize-sibling-calls -ftrivial-auto-var-init=zero -fno-stack-clash-protection -fzero-call-used-regs=used-gpr -pg -mrecord-mcount -mfentry -DCC_USING_FENTRY -falign-functions=16 -fstrict-flex-arrays=3 -fno-strict-overflow -fno-stack-check -fconserve-stack -fno-builtin-wcslen -fno-builtin-wcslen -Wall -Wundef -Werror=implicit-function-declaration -Werror=implicit-int -Werror=return-type -Werror=strict-prototypes -Wno-format-security -Wno-trigraphs -Wno-frame-address -Wno-address-of-packed-member -Wmissing-declarations -Wmissing-prototypes -Wframe-larger-than=1024 -Wno-main -Wno-unused-but-set-variable -Wno-unused-const-variable -Wno-dangling-pointer -Wvla -Wno-pointer-sign -Wcast-function-type -Wno-stringop-overflow -Wno-array-bounds -Wno-alloc-size-larger-than -Wimplicit-fallthrough=5 -Werror=date-time -Werror=incompatible-pointer-types -Werror=designated-init -Wenum-conversion -Wno-unused-but-set-variable -Wno-unused-const-variable -Wno-restrict -Wno-packed-not-aligned -Wno-format-overflow -Wno-format-truncation -Wno-stringop-truncation -Wno-override-init -Wno-missing-field-initializers -Wno-type-limits -Wno-shift-negative-value -Wno-maybe-uninitialized -Wno-sign-compare -g -gdwarf-5 -D_LINUX_COM -D__LINUX -DSYSFS_SUPPORT -D_HFC_FX_HW_CHECK_SKIP -DHFC_X8664_EL8 -DHFC_RHEL8 -DHFC_RHEL81 -DBLK_MQ_ONLY -mindirect-branch=thunk-extern -mindirect-branch-register  -fsanitize=bounds-strict -fsanitize=shift -fsanitize=bool -fsanitize=enum  -DMODULE  -DKBUILD_BASENAME='"hraslog_link"' -DKBUILD_MODNAME='"hraslog_link"' -D__KBUILD_MODNAME=kmod_hraslog_link -c -o /root/hfcldd-4.8.22.4388/hraslog_link.o /root/hfcldd-4.8.22.4388/hraslog_link.c   ; ./tools/objtool/objtool --hacks=jump_label --hacks=noinstr --hacks=skylake --retpoline --rethunk --sls --stackval --static-call --uaccess --prefix=16   --module /root/hfcldd-4.8.22.4388/hraslog_link.o
# cmd_gen_objtooldep /root/hfcldd-4.8.22.4388/hraslog_link.o
   { echo ; echo '/root/hfcldd-4.8.22.4388/hraslog_link.o: $(wildcard ./tools/objtool/objtool)' ; } >> /root/hfcldd-4.8.22.4388/.hraslog_link.o.cmd
# cmd_gen_symversions_c /root/hfcldd-4.8.22.4388/hraslog_link.o
  if nm /root/hfcldd-4.8.22.4388/hraslog_link.o 2>/dev/null | grep -q ' __export_symbol_'; then gcc-13 -E -D__GENKSYMS__ -Wp,-MMD,/root/hfcldd-4.8.22.4388/.hraslog_link.o.d -nostdinc -I./arch/x86/include -I./arch/x86/include/generated  -I./include -I./arch/x86/include/uapi -I./arch/x86/include/generated/uapi -I./include/uapi -I./include/generated/uapi -include ./include/linux/compiler-version.h -include ./include/linux/kconfig.h -I./ubuntu/include -include ./include/linux/compiler_types.h -D__KERNEL__ -fmacro-prefix-map=./= -std=gnu11 -fshort-wchar -funsigned-char -fno-common -fno-PIE -fno-strict-aliasing -mno-sse -mno-mmx -mno-sse2 -mno-3dnow -mno-avx -fcf-protection=none -m64 -falign-jumps=1 -falign-loops=1 -mno-80387 -mno-fp-ret-in-387 -mpreferred-stack-boundary=3 -mskip-rax-setup -mtune=generic -mno-red-zone -mcmodel=kernel -Wno-sign-compare -fno-asynchronous-unwind-tables -mindirect-branch=thunk-extern -mindirect-branch-register -mindirect-branch-cs-prefix -mfunction-return=thunk-extern -fno-jump-tables -mharden-sls=all -fpatchable-function-entry=16,16 -fno-delete-null-pointer-checks -O2 -fno-allow-store-data-races -fstack-protector-strong -fno-omit-frame-pointer -fno-optimize-sibling-calls -ftrivial-auto-var-init=zero -fno-stack-clash-protection -fzero-call-used-regs=used-gpr -pg -mrecord-mcount -mfentry -DCC_USING_FENTRY -falign-functions=16 -fstrict-flex-arrays=3 -fno-strict-overflow -fno-stack-check -fconserve-stack -fno-builtin-wcslen -fno-builtin-wcslen -Wall -Wundef -Werror=implicit-function-declaration -Werror=implicit-int -Werror=return-type -Werror=strict-prototypes -Wno-format-security -Wno-trigraphs -Wno-frame-address -Wno-address-of-packed-member -Wmissing-declarations -Wmissing-prototypes -Wframe-larger-than=1024 -Wno-main -Wno-unused-but-set-variable -Wno-unused-const-variable -Wno-dangling-pointer -Wvla -Wno-pointer-sign -Wcast-function-type -Wno-stringop-overflow -Wno-array-bounds -Wno-alloc-size-larger-than -Wimplicit-fallthrough=5 -Werror=date-time -Werror=incompatible-pointer-types -Werror=designated-init -Wenum-conversion -Wno-unused-but-set-variable -Wno-unused-const-variable -Wno-restrict -Wno-packed-not-aligned -Wno-format-overflow -Wno-format-truncation -Wno-stringop-truncation -Wno-override-init -Wno-missing-field-initializers -Wno-type-limits -Wno-shift-negative-value -Wno-maybe-uninitialized -Wno-sign-compare -g -gdwarf-5 -D_LINUX_COM -D__LINUX -DSYSFS_SUPPORT -D_HFC_FX_HW_CHECK_SKIP -DHFC_X8664_EL8 -DHFC_RHEL8 -DHFC_RHEL81 -DBLK_MQ_ONLY -mindirect-branch=thunk-extern -mindirect-branch-register  -fsanitize=bounds-strict -fsanitize=shift -fsanitize=bool -fsanitize=enum  -DMODULE  -DKBUILD_BASENAME='"hraslog_link"' -DKBUILD_MODNAME='"hraslog_link"' -D__KBUILD_MODNAME=kmod_hraslog_link /root/hfcldd-4.8.22.4388/hraslog_link.c | scripts/genksyms/genksyms   -r /dev/null >> /root/hfcldd-4.8.22.4388/.hraslog_link.o.cmd; fi
# CC [M]  /root/hfcldd-4.8.22.4388/hfcldd_conf.o
  gcc-13 -Wp,-MMD,/root/hfcldd-4.8.22.4388/.hfcldd_conf.o.d -nostdinc -I./arch/x86/include -I./arch/x86/include/generated  -I./include -I./arch/x86/include/uapi -I./arch/x86/include/generated/uapi -I./include/uapi -I./include/generated/uapi -include ./include/linux/compiler-version.h -include ./include/linux/kconfig.h -I./ubuntu/include -include ./include/linux/compiler_types.h -D__KERNEL__ -fmacro-prefix-map=./= -std=gnu11 -fshort-wchar -funsigned-char -fno-common -fno-PIE -fno-strict-aliasing -mno-sse -mno-mmx -mno-sse2 -mno-3dnow -mno-avx -fcf-protection=none -m64 -falign-jumps=1 -falign-loops=1 -mno-80387 -mno-fp-ret-in-387 -mpreferred-stack-boundary=3 -mskip-rax-setup -mtune=generic -mno-red-zone -mcmodel=kernel -Wno-sign-compare -fno-asynchronous-unwind-tables -mindirect-branch=thunk-extern -mindirect-branch-register -mindirect-branch-cs-prefix -mfunction-return=thunk-extern -fno-jump-tables -mharden-sls=all -fpatchable-function-entry=16,16 -fno-delete-null-pointer-checks -O2 -fno-allow-store-data-races -fstack-protector-strong -fno-omit-frame-pointer -fno-optimize-sibling-calls -ftrivial-auto-var-init=zero -fno-stack-clash-protection -fzero-call-used-regs=used-gpr -pg -mrecord-mcount -mfentry -DCC_USING_FENTRY -falign-functions=16 -fstrict-flex-arrays=3 -fno-strict-overflow -fno-stack-check -fconserve-stack -fno-builtin-wcslen -fno-builtin-wcslen -Wall -Wundef -Werror=implicit-function-declaration -Werror=implicit-int -Werror=return-type -Werror=strict-prototypes -Wno-format-security -Wno-trigraphs -Wno-frame-address -Wno-address-of-packed-member -Wmissing-declarations -Wmissing-prototypes -Wframe-larger-than=1024 -Wno-main -Wno-unused-but-set-variable -Wno-unused-const-variable -Wno-dangling-pointer -Wvla -Wno-pointer-sign -Wcast-function-type -Wno-stringop-overflow -Wno-array-bounds -Wno-alloc-size-larger-than -Wimplicit-fallthrough=5 -Werror=date-time -Werror=incompatible-pointer-types -Werror=designated-init -Wenum-conversion -Wno-unused-but-set-variable -Wno-unused-const-variable -Wno-restrict -Wno-packed-not-aligned -Wno-format-overflow -Wno-format-truncation -Wno-stringop-truncation -Wno-override-init -Wno-missing-field-initializers -Wno-type-limits -Wno-shift-negative-value -Wno-maybe-uninitialized -Wno-sign-compare -g -gdwarf-5 -D_LINUX_COM -D__LINUX -DSYSFS_SUPPORT -D_HFC_FX_HW_CHECK_SKIP -DHFC_X8664_EL8 -DHFC_RHEL8 -DHFC_RHEL81 -DBLK_MQ_ONLY -mindirect-branch=thunk-extern -mindirect-branch-register  -fsanitize=bounds-strict -fsanitize=shift -fsanitize=bool -fsanitize=enum  -DMODULE  -DKBUILD_BASENAME='"hfcldd_conf"' -DKBUILD_MODNAME='"hfcldd_conf"' -D__KBUILD_MODNAME=kmod_hfcldd_conf -c -o /root/hfcldd-4.8.22.4388/hfcldd_conf.o /root/hfcldd-4.8.22.4388/hfcldd_conf.c   ; ./tools/objtool/objtool --hacks=jump_label --hacks=noinstr --hacks=skylake --retpoline --rethunk --sls --stackval --static-call --uaccess --prefix=16   --module /root/hfcldd-4.8.22.4388/hfcldd_conf.o
# cmd_gen_objtooldep /root/hfcldd-4.8.22.4388/hfcldd_conf.o
   { echo ; echo '/root/hfcldd-4.8.22.4388/hfcldd_conf.o: $(wildcard ./tools/objtool/objtool)' ; } >> /root/hfcldd-4.8.22.4388/.hfcldd_conf.o.cmd
# cmd_gen_symversions_c /root/hfcldd-4.8.22.4388/hfcldd_conf.o
  if nm /root/hfcldd-4.8.22.4388/hfcldd_conf.o 2>/dev/null | grep -q ' __export_symbol_'; then gcc-13 -E -D__GENKSYMS__ -Wp,-MMD,/root/hfcldd-4.8.22.4388/.hfcldd_conf.o.d -nostdinc -I./arch/x86/include -I./arch/x86/include/generated  -I./include -I./arch/x86/include/uapi -I./arch/x86/include/generated/uapi -I./include/uapi -I./include/generated/uapi -include ./include/linux/compiler-version.h -include ./include/linux/kconfig.h -I./ubuntu/include -include ./include/linux/compiler_types.h -D__KERNEL__ -fmacro-prefix-map=./= -std=gnu11 -fshort-wchar -funsigned-char -fno-common -fno-PIE -fno-strict-aliasing -mno-sse -mno-mmx -mno-sse2 -mno-3dnow -mno-avx -fcf-protection=none -m64 -falign-jumps=1 -falign-loops=1 -mno-80387 -mno-fp-ret-in-387 -mpreferred-stack-boundary=3 -mskip-rax-setup -mtune=generic -mno-red-zone -mcmodel=kernel -Wno-sign-compare -fno-asynchronous-unwind-tables -mindirect-branch=thunk-extern -mindirect-branch-register -mindirect-branch-cs-prefix -mfunction-return=thunk-extern -fno-jump-tables -mharden-sls=all -fpatchable-function-entry=16,16 -fno-delete-null-pointer-checks -O2 -fno-allow-store-data-races -fstack-protector-strong -fno-omit-frame-pointer -fno-optimize-sibling-calls -ftrivial-auto-var-init=zero -fno-stack-clash-protection -fzero-call-used-regs=used-gpr -pg -mrecord-mcount -mfentry -DCC_USING_FENTRY -falign-functions=16 -fstrict-flex-arrays=3 -fno-strict-overflow -fno-stack-check -fconserve-stack -fno-builtin-wcslen -fno-builtin-wcslen -Wall -Wundef -Werror=implicit-function-declaration -Werror=implicit-int -Werror=return-type -Werror=strict-prototypes -Wno-format-security -Wno-trigraphs -Wno-frame-address -Wno-address-of-packed-member -Wmissing-declarations -Wmissing-prototypes -Wframe-larger-than=1024 -Wno-main -Wno-unused-but-set-variable -Wno-unused-const-variable -Wno-dangling-pointer -Wvla -Wno-pointer-sign -Wcast-function-type -Wno-stringop-overflow -Wno-array-bounds -Wno-alloc-size-larger-than -Wimplicit-fallthrough=5 -Werror=date-time -Werror=incompatible-pointer-types -Werror=designated-init -Wenum-conversion -Wno-unused-but-set-variable -Wno-unused-const-variable -Wno-restrict -Wno-packed-not-aligned -Wno-format-overflow -Wno-format-truncation -Wno-stringop-truncation -Wno-override-init -Wno-missing-field-initializers -Wno-type-limits -Wno-shift-negative-value -Wno-maybe-uninitialized -Wno-sign-compare -g -gdwarf-5 -D_LINUX_COM -D__LINUX -DSYSFS_SUPPORT -D_HFC_FX_HW_CHECK_SKIP -DHFC_X8664_EL8 -DHFC_RHEL8 -DHFC_RHEL81 -DBLK_MQ_ONLY -mindirect-branch=thunk-extern -mindirect-branch-register  -fsanitize=bounds-strict -fsanitize=shift -fsanitize=bool -fsanitize=enum  -DMODULE  -DKBUILD_BASENAME='"hfcldd_conf"' -DKBUILD_MODNAME='"hfcldd_conf"' -D__KBUILD_MODNAME=kmod_hfcldd_conf /root/hfcldd-4.8.22.4388/hfcldd_conf.c | scripts/genksyms/genksyms   -r /dev/null >> /root/hfcldd-4.8.22.4388/.hfcldd_conf.o.cmd; fi
# cmd_mod /root/hfcldd-4.8.22.4388/hfcldd.mod
  printf '%s
'   hfcl_conf.o hfcl_detect.o hfcl_handler.o hfcl_diag.o hfcl_strategy.o hfcl_timer_recovery.o hfcl_top.o hfcl_ioctl.o hfcl_version.o hfcl_mlpf.o hfcl_detect_fx.o hfcl_handler_fx.o hfcl_diag_fx.o hfcl_strategy_fx.o hfcl_timer_recovery_fx.o hfcl_top_fx.o hfcl_ioctl_fx.o hfcl_mlpf_fx.o hfcl_npiv_fx.o | awk '!x[$0]++ { print("/root/hfcldd-4.8.22.4388/"$0) }' > /root/hfcldd-4.8.22.4388/hfcldd.mod
# CC [M]  /root/hfcldd-4.8.22.4388/hfcl_conf.o
  gcc-13 -Wp,-MMD,/root/hfcldd-4.8.22.4388/.hfcl_conf.o.d -nostdinc -I./arch/x86/include -I./arch/x86/include/generated  -I./include -I./arch/x86/include/uapi -I./arch/x86/include/generated/uapi -I./include/uapi -I./include/generated/uapi -include ./include/linux/compiler-version.h -include ./include/linux/kconfig.h -I./ubuntu/include -include ./include/linux/compiler_types.h -D__KERNEL__ -fmacro-prefix-map=./= -std=gnu11 -fshort-wchar -funsigned-char -fno-common -fno-PIE -fno-strict-aliasing -mno-sse -mno-mmx -mno-sse2 -mno-3dnow -mno-avx -fcf-protection=none -m64 -falign-jumps=1 -falign-loops=1 -mno-80387 -mno-fp-ret-in-387 -mpreferred-stack-boundary=3 -mskip-rax-setup -mtune=generic -mno-red-zone -mcmodel=kernel -Wno-sign-compare -fno-asynchronous-unwind-tables -mindirect-branch=thunk-extern -mindirect-branch-register -mindirect-branch-cs-prefix -mfunction-return=thunk-extern -fno-jump-tables -mharden-sls=all -fpatchable-function-entry=16,16 -fno-delete-null-pointer-checks -O2 -fno-allow-store-data-races -fstack-protector-strong -fno-omit-frame-pointer -fno-optimize-sibling-calls -ftrivial-auto-var-init=zero -fno-stack-clash-protection -fzero-call-used-regs=used-gpr -pg -mrecord-mcount -mfentry -DCC_USING_FENTRY -falign-functions=16 -fstrict-flex-arrays=3 -fno-strict-overflow -fno-stack-check -fconserve-stack -fno-builtin-wcslen -fno-builtin-wcslen -Wall -Wundef -Werror=implicit-function-declaration -Werror=implicit-int -Werror=return-type -Werror=strict-prototypes -Wno-format-security -Wno-trigraphs -Wno-frame-address -Wno-address-of-packed-member -Wmissing-declarations -Wmissing-prototypes -Wframe-larger-than=1024 -Wno-main -Wno-unused-but-set-variable -Wno-unused-const-variable -Wno-dangling-pointer -Wvla -Wno-pointer-sign -Wcast-function-type -Wno-stringop-overflow -Wno-array-bounds -Wno-alloc-size-larger-than -Wimplicit-fallthrough=5 -Werror=date-time -Werror=incompatible-pointer-types -Werror=designated-init -Wenum-conversion -Wno-unused-but-set-variable -Wno-unused-const-variable -Wno-restrict -Wno-packed-not-aligned -Wno-format-overflow -Wno-format-truncation -Wno-stringop-truncation -Wno-override-init -Wno-missing-field-initializers -Wno-type-limits -Wno-shift-negative-value -Wno-maybe-uninitialized -Wno-sign-compare -g -gdwarf-5 -D_LINUX_COM -D__LINUX -DSYSFS_SUPPORT -D_HFC_FX_HW_CHECK_SKIP -DHFC_X8664_EL8 -DHFC_RHEL8 -DHFC_RHEL81 -DBLK_MQ_ONLY -mindirect-branch=thunk-extern -mindirect-branch-register  -fsanitize=bounds-strict -fsanitize=shift -fsanitize=bool -fsanitize=enum  -DMODULE  -DKBUILD_BASENAME='"hfcl_conf"' -DKBUILD_MODNAME='"hfcldd"' -D__KBUILD_MODNAME=kmod_hfcldd -c -o /root/hfcldd-4.8.22.4388/hfcl_conf.o /root/hfcldd-4.8.22.4388/hfcl_conf.c   ; ./tools/objtool/objtool --hacks=jump_label --hacks=noinstr --hacks=skylake --retpoline --rethunk --sls --stackval --static-call --uaccess --prefix=16   --module /root/hfcldd-4.8.22.4388/hfcl_conf.o
# cmd_gen_objtooldep /root/hfcldd-4.8.22.4388/hfcl_conf.o
   { echo ; echo '/root/hfcldd-4.8.22.4388/hfcl_conf.o: $(wildcard ./tools/objtool/objtool)' ; } >> /root/hfcldd-4.8.22.4388/.hfcl_conf.o.cmd
# cmd_gen_symversions_c /root/hfcldd-4.8.22.4388/hfcl_conf.o
  if nm /root/hfcldd-4.8.22.4388/hfcl_conf.o 2>/dev/null | grep -q ' __export_symbol_'; then gcc-13 -E -D__GENKSYMS__ -Wp,-MMD,/root/hfcldd-4.8.22.4388/.hfcl_conf.o.d -nostdinc -I./arch/x86/include -I./arch/x86/include/generated  -I./include -I./arch/x86/include/uapi -I./arch/x86/include/generated/uapi -I./include/uapi -I./include/generated/uapi -include ./include/linux/compiler-version.h -include ./include/linux/kconfig.h -I./ubuntu/include -include ./include/linux/compiler_types.h -D__KERNEL__ -fmacro-prefix-map=./= -std=gnu11 -fshort-wchar -funsigned-char -fno-common -fno-PIE -fno-strict-aliasing -mno-sse -mno-mmx -mno-sse2 -mno-3dnow -mno-avx -fcf-protection=none -m64 -falign-jumps=1 -falign-loops=1 -mno-80387 -mno-fp-ret-in-387 -mpreferred-stack-boundary=3 -mskip-rax-setup -mtune=generic -mno-red-zone -mcmodel=kernel -Wno-sign-compare -fno-asynchronous-unwind-tables -mindirect-branch=thunk-extern -mindirect-branch-register -mindirect-branch-cs-prefix -mfunction-return=thunk-extern -fno-jump-tables -mharden-sls=all -fpatchable-function-entry=16,16 -fno-delete-null-pointer-checks -O2 -fno-allow-store-data-races -fstack-protector-strong -fno-omit-frame-pointer -fno-optimize-sibling-calls -ftrivial-auto-var-init=zero -fno-stack-clash-protection -fzero-call-used-regs=used-gpr -pg -mrecord-mcount -mfentry -DCC_USING_FENTRY -falign-functions=16 -fstrict-flex-arrays=3 -fno-strict-overflow -fno-stack-check -fconserve-stack -fno-builtin-wcslen -fno-builtin-wcslen -Wall -Wundef -Werror=implicit-function-declaration -Werror=implicit-int -Werror=return-type -Werror=strict-prototypes -Wno-format-security -Wno-trigraphs -Wno-frame-address -Wno-address-of-packed-member -Wmissing-declarations -Wmissing-prototypes -Wframe-larger-than=1024 -Wno-main -Wno-unused-but-set-variable -Wno-unused-const-variable -Wno-dangling-pointer -Wvla -Wno-pointer-sign -Wcast-function-type -Wno-stringop-overflow -Wno-array-bounds -Wno-alloc-size-larger-than -Wimplicit-fallthrough=5 -Werror=date-time -Werror=incompatible-pointer-types -Werror=designated-init -Wenum-conversion -Wno-unused-but-set-variable -Wno-unused-const-variable -Wno-restrict -Wno-packed-not-aligned -Wno-format-overflow -Wno-format-truncation -Wno-stringop-truncation -Wno-override-init -Wno-missing-field-initializers -Wno-type-limits -Wno-shift-negative-value -Wno-maybe-uninitialized -Wno-sign-compare -g -gdwarf-5 -D_LINUX_COM -D__LINUX -DSYSFS_SUPPORT -D_HFC_FX_HW_CHECK_SKIP -DHFC_X8664_EL8 -DHFC_RHEL8 -DHFC_RHEL81 -DBLK_MQ_ONLY -mindirect-branch=thunk-extern -mindirect-branch-register  -fsanitize=bounds-strict -fsanitize=shift -fsanitize=bool -fsanitize=enum  -DMODULE  -DKBUILD_BASENAME='"hfcl_conf"' -DKBUILD_MODNAME='"hfcldd"' -D__KBUILD_MODNAME=kmod_hfcldd /root/hfcldd-4.8.22.4388/hfcl_conf.c | scripts/genksyms/genksyms   -r /dev/null >> /root/hfcldd-4.8.22.4388/.hfcl_conf.o.cmd; fi
# CC [M]  /root/hfcldd-4.8.22.4388/hfcl_detect.o
  gcc-13 -Wp,-MMD,/root/hfcldd-4.8.22.4388/.hfcl_detect.o.d -nostdinc -I./arch/x86/include -I./arch/x86/include/generated  -I./include -I./arch/x86/include/uapi -I./arch/x86/include/generated/uapi -I./include/uapi -I./include/generated/uapi -include ./include/linux/compiler-version.h -include ./include/linux/kconfig.h -I./ubuntu/include -include ./include/linux/compiler_types.h -D__KERNEL__ -fmacro-prefix-map=./= -std=gnu11 -fshort-wchar -funsigned-char -fno-common -fno-PIE -fno-strict-aliasing -mno-sse -mno-mmx -mno-sse2 -mno-3dnow -mno-avx -fcf-protection=none -m64 -falign-jumps=1 -falign-loops=1 -mno-80387 -mno-fp-ret-in-387 -mpreferred-stack-boundary=3 -mskip-rax-setup -mtune=generic -mno-red-zone -mcmodel=kernel -Wno-sign-compare -fno-asynchronous-unwind-tables -mindirect-branch=thunk-extern -mindirect-branch-register -mindirect-branch-cs-prefix -mfunction-return=thunk-extern -fno-jump-tables -mharden-sls=all -fpatchable-function-entry=16,16 -fno-delete-null-pointer-checks -O2 -fno-allow-store-data-races -fstack-protector-strong -fno-omit-frame-pointer -fno-optimize-sibling-calls -ftrivial-auto-var-init=zero -fno-stack-clash-protection -fzero-call-used-regs=used-gpr -pg -mrecord-mcount -mfentry -DCC_USING_FENTRY -falign-functions=16 -fstrict-flex-arrays=3 -fno-strict-overflow -fno-stack-check -fconserve-stack -fno-builtin-wcslen -fno-builtin-wcslen -Wall -Wundef -Werror=implicit-function-declaration -Werror=implicit-int -Werror=return-type -Werror=strict-prototypes -Wno-format-security -Wno-trigraphs -Wno-frame-address -Wno-address-of-packed-member -Wmissing-declarations -Wmissing-prototypes -Wframe-larger-than=1024 -Wno-main -Wno-unused-but-set-variable -Wno-unused-const-variable -Wno-dangling-pointer -Wvla -Wno-pointer-sign -Wcast-function-type -Wno-stringop-overflow -Wno-array-bounds -Wno-alloc-size-larger-than -Wimplicit-fallthrough=5 -Werror=date-time -Werror=incompatible-pointer-types -Werror=designated-init -Wenum-conversion -Wno-unused-but-set-variable -Wno-unused-const-variable -Wno-restrict -Wno-packed-not-aligned -Wno-format-overflow -Wno-format-truncation -Wno-stringop-truncation -Wno-override-init -Wno-missing-field-initializers -Wno-type-limits -Wno-shift-negative-value -Wno-maybe-uninitialized -Wno-sign-compare -g -gdwarf-5 -D_LINUX_COM -D__LINUX -DSYSFS_SUPPORT -D_HFC_FX_HW_CHECK_SKIP -DHFC_X8664_EL8 -DHFC_RHEL8 -DHFC_RHEL81 -DBLK_MQ_ONLY -mindirect-branch=thunk-extern -mindirect-branch-register  -fsanitize=bounds-strict -fsanitize=shift -fsanitize=bool -fsanitize=enum  -DMODULE  -DKBUILD_BASENAME='"hfcl_detect"' -DKBUILD_MODNAME='"hfcldd"' -D__KBUILD_MODNAME=kmod_hfcldd -c -o /root/hfcldd-4.8.22.4388/hfcl_detect.o /root/hfcldd-4.8.22.4388/hfcl_detect.c   ; ./tools/objtool/objtool --hacks=jump_label --hacks=noinstr --hacks=skylake --retpoline --rethunk --sls --stackval --static-call --uaccess --prefix=16   --module /root/hfcldd-4.8.22.4388/hfcl_detect.o
/root/hfcldd-4.8.22.4388/hfcl_detect.c: In function ‘hfc_allocate_memory’:
/root/hfcldd-4.8.22.4388/hfcl_detect.c:656:50: warning: the comparison will always evaluate as ‘false’ for the address of ‘cmnd’ will never be NULL [-Waddress]
  656 |                         if(ap->cmnd_pool[i].cmnd == NULL){
      |                                                  ^~
In file included from ./include/scsi/scsi_tcq.h:6,
                 from /root/hfcldd-4.8.22.4388/hfcldd.h:56,
                 from /root/hfcldd-4.8.22.4388/hfcl_detect.c:9:
./include/scsi/scsi_cmnd.h:103:23: note: ‘cmnd’ declared here
  103 |         unsigned char cmnd[32]; /* SCSI CDB */
      |                       ^~~~
/root/hfcldd-4.8.22.4388/hfcl_detect.c:657:55: error: assignment to expression with array type
  657 |                                 ap->cmnd_pool[i].cmnd = (uchar *)hfc_kmalloc(ap, 16, GFP_ATOMIC);
      |                                                       ^
/root/hfcldd-4.8.22.4388/hfcl_detect.c:658:59: warning: the comparison will always evaluate as ‘false’ for the address of ‘cmnd’ will never be NULL [-Waddress]
  658 |                                 if (ap->cmnd_pool[i].cmnd == NULL){
      |                                                           ^~
./include/scsi/scsi_cmnd.h:103:23: note: ‘cmnd’ declared here
  103 |         unsigned char cmnd[32]; /* SCSI CDB */
      |                       ^~~~
/root/hfcldd-4.8.22.4388/hfcl_detect.c:694:41: warning: the comparison will always evaluate as ‘false’ for the address of ‘cmnd’ will never be NULL [-Waddress]
  694 |                 if(ap->ioctl_cmnd->cmnd == NULL){
      |                                         ^~
./include/scsi/scsi_cmnd.h:103:23: note: ‘cmnd’ declared here
  103 |         unsigned char cmnd[32]; /* SCSI CDB */
      |                       ^~~~
/root/hfcldd-4.8.22.4388/hfcl_detect.c:695:46: error: assignment to expression with array type
  695 |                         ap->ioctl_cmnd->cmnd = (uchar *)hfc_kmalloc(ap, 16, GFP_ATOMIC);
      |                                              ^
/root/hfcldd-4.8.22.4388/hfcl_detect.c:696:50: warning: the comparison will always evaluate as ‘false’ for the address of ‘cmnd’ will never be NULL [-Waddress]
  696 |                         if (ap->ioctl_cmnd->cmnd == NULL){
      |                                                  ^~
./include/scsi/scsi_cmnd.h:103:23: note: ‘cmnd’ declared here
  103 |         unsigned char cmnd[32]; /* SCSI CDB */
      |                       ^~~~
/root/hfcldd-4.8.22.4388/hfcl_detect.c: In function ‘hfc_free_memory’:
/root/hfcldd-4.8.22.4388/hfcl_detect.c:1124:50: warning: the comparison will always evaluate as ‘true’ for the address of ‘cmnd’ will never be NULL [-Waddress]
 1124 |                         if(ap->cmnd_pool[i].cmnd != NULL){
      |                                                  ^~
./include/scsi/scsi_cmnd.h:103:23: note: ‘cmnd’ declared here
  103 |         unsigned char cmnd[32]; /* SCSI CDB */
      |                       ^~~~
/root/hfcldd-4.8.22.4388/hfcl_detect.c:1127:55: error: assignment to expression with array type
 1127 |                                 ap->cmnd_pool[i].cmnd = NULL;
      |                                                       ^
/root/hfcldd-4.8.22.4388/hfcl_detect.c:1195:41: warning: the comparison will always evaluate as ‘true’ for the address of ‘cmnd’ will never be NULL [-Waddress]
 1195 |                 if(ap->ioctl_cmnd->cmnd != NULL){
      |                                         ^~
./include/scsi/scsi_cmnd.h:103:23: note: ‘cmnd’ declared here
  103 |         unsigned char cmnd[32]; /* SCSI CDB */
      |                       ^~~~
/root/hfcldd-4.8.22.4388/hfcl_detect.c:1198:46: error: assignment to expression with array type
 1198 |                         ap->ioctl_cmnd->cmnd = NULL;
      |                                              ^
/root/hfcldd-4.8.22.4388/hfcl_detect.c: At top level:
/root/hfcldd-4.8.22.4388/hfcl_detect.c:1368:6: warning: no previous prototype for ‘hfc_detach’ [-Wmissing-prototypes]
 1368 | void hfc_detach(struct adap_info *ap)
      |      ^~~~~~~~~~
/root/hfcldd-4.8.22.4388/hfcl_detect.c:1385:6: warning: no previous prototype for ‘hfc_set_fw_init_tbl’ [-Wmissing-prototypes]
 1385 | void hfc_set_fw_init_tbl(struct adap_info *ap)
      |      ^~~~~~~~~~~~~~~~~~~
/root/hfcldd-4.8.22.4388/hfcl_detect.c:2338:5: warning: no previous prototype for ‘hfc_release_adp’ [-Wmissing-prototypes]
 2338 | int hfc_release_adp(struct adap_info *ap)
      |     ^~~~~~~~~~~~~~~
/root/hfcldd-4.8.22.4388/hfcl_detect.c:4072:1: warning: no previous prototype for ‘hfc_proc_info’ [-Wmissing-prototypes]
 4072 | hfc_proc_info(char *buffer, char **start, off_t offset, int length, int hostno, int inout)
      | ^~~~~~~~~~~~~
/root/hfcldd-4.8.22.4388/hfcl_detect.c:7209:6: warning: no previous prototype for ‘hfc_set_log_file’ [-Wmissing-prototypes]
 7209 | void hfc_set_log_file(struct adap_info *ap)
      |      ^~~~~~~~~~~~~~~~
/root/hfcldd-4.8.22.4388/hfcl_detect.c:7223:6: warning: no previous prototype for ‘hfc_set_max_lun’ [-Wmissing-prototypes]
 7223 | void hfc_set_max_lun(struct adap_info *ap)
      |      ^~~~~~~~~~~~~~~
/root/hfcldd-4.8.22.4388/hfcl_detect.c:10251:5: warning: no previous prototype for ‘hfc_get_adapter_port_no’ [-Wmissing-prototypes]
10251 | int hfc_get_adapter_port_no(struct adap_info *ap)
      |     ^~~~~~~~~~~~~~~~~~~~~~~
/root/hfcldd-4.8.22.4388/hfcl_detect.c: In function ‘hfc_map_queues’:
/root/hfcldd-4.8.22.4388/hfcl_detect.c:11464:20: error: void value not ignored as it ought to be
11464 |                 rc = blk_mq_map_queues(queue_map);
      |                    ^
/root/hfcldd-4.8.22.4388/hfcl_detect.c: In function ‘hfc_cpu_affinity_store’:
/root/hfcldd-4.8.22.4388/hfcl_detect.c:13087:15: error: implicit declaration of function ‘__bitmap_parse’; did you mean ‘bitmap_parse’? [-Werror=implicit-function-declaration]
13087 |         err = __bitmap_parse(buf, PAGE_SIZE, 0, mask.bits, nr_cpumask_bits);
      |               ^~~~~~~~~~~~~~
      |               bitmap_parse
/root/hfcldd-4.8.22.4388/hfcl_detect.c: At top level:
/root/hfcldd-4.8.22.4388/hfcl_detect.c:13393:10: error: ‘struct scsi_host_template’ has no member named ‘proc_dir’
13393 |         .proc_dir=                                      NULL,
      |          ^~~~~~~~
In file included from ./include/uapi/linux/posix_types.h:5,
                 from ./include/uapi/linux/types.h:14,
                 from ./include/linux/types.h:6,
                 from ./include/linux/kasan-checks.h:5,
                 from ./include/asm-generic/rwonce.h:26,
                 from ./arch/x86/include/generated/asm/rwonce.h:1,
                 from ./include/linux/compiler.h:253,
                 from ./include/linux/build_bug.h:5,
                 from ./include/linux/container_of.h:5,
                 from ./include/linux/list.h:5,
                 from ./include/linux/module.h:12,
                 from /root/hfcldd-4.8.22.4388/hfcldd.h:22:
./include/linux/stddef.h:8:14: warning: initialization of ‘unsigned int’ from ‘void *’ makes integer from pointer without a cast [-Wint-conversion]
    8 | #define NULL ((void *)0)
      |              ^
/root/hfcldd-4.8.22.4388/hfcl_detect.c:13393:57: note: in expansion of macro ‘NULL’
13393 |         .proc_dir=                                      NULL,
      |                                                         ^~~~
./include/linux/stddef.h:8:14: note: (near initialization for ‘hfcldd_driver_template.cmd_size’)
    8 | #define NULL ((void *)0)
      |              ^
/root/hfcldd-4.8.22.4388/hfcl_detect.c:13393:57: note: in expansion of macro ‘NULL’
13393 |         .proc_dir=                                      NULL,
      |                                                         ^~~~
/root/hfcldd-4.8.22.4388/hfcl_detect.c:13444:10: error: ‘struct scsi_host_template’ has no member named ‘shost_attrs’
13444 |         .shost_attrs=                           hfcldd_host_attrs,
      |          ^~~~~~~~~~~
/root/hfcldd-4.8.22.4388/hfcl_detect.c:13444:49: warning: initialization of ‘int’ from ‘struct device_attribute **’ makes integer from pointer without a cast [-Wint-conversion]
13444 |         .shost_attrs=                           hfcldd_host_attrs,
      |                                                 ^~~~~~~~~~~~~~~~~
/root/hfcldd-4.8.22.4388/hfcl_detect.c:13444:49: note: (near initialization for ‘hfcldd_driver_template.tag_alloc_policy’)
/root/hfcldd-4.8.22.4388/hfcl_detect.c:13444:49: error: initializer element is not computable at load time
/root/hfcldd-4.8.22.4388/hfcl_detect.c:13444:49: note: (near initialization for ‘hfcldd_driver_template.tag_alloc_policy’)
/root/hfcldd-4.8.22.4388/hfcl_detect.c:13523:10: error: ‘struct scsi_host_template’ has no member named ‘proc_dir’
13523 |         .proc_dir=                                      NULL,
      |          ^~~~~~~~
./include/linux/stddef.h:8:14: warning: initialization of ‘unsigned int’ from ‘void *’ makes integer from pointer without a cast [-Wint-conversion]
    8 | #define NULL ((void *)0)
      |              ^
/root/hfcldd-4.8.22.4388/hfcl_detect.c:13523:57: note: in expansion of macro ‘NULL’
13523 |         .proc_dir=                                      NULL,
      |                                                         ^~~~
./include/linux/stddef.h:8:14: note: (near initialization for ‘hfcldd_driver_template_mp.cmd_size’)
    8 | #define NULL ((void *)0)
      |              ^
/root/hfcldd-4.8.22.4388/hfcl_detect.c:13523:57: note: in expansion of macro ‘NULL’
13523 |         .proc_dir=                                      NULL,
      |                                                         ^~~~
/root/hfcldd-4.8.22.4388/hfcl_detect.c:13568:10: error: ‘struct scsi_host_template’ has no member named ‘shost_attrs’
13568 |         .shost_attrs=                           hfcldd_host_attrs,
      |          ^~~~~~~~~~~
/root/hfcldd-4.8.22.4388/hfcl_detect.c:13568:49: warning: initialization of ‘int’ from ‘struct device_attribute **’ makes integer from pointer without a cast [-Wint-conversion]
13568 |         .shost_attrs=                           hfcldd_host_attrs,
      |                                                 ^~~~~~~~~~~~~~~~~
/root/hfcldd-4.8.22.4388/hfcl_detect.c:13568:49: note: (near initialization for ‘hfcldd_driver_template_mp.tag_alloc_policy’)
/root/hfcldd-4.8.22.4388/hfcl_detect.c:13568:49: error: initializer element is not computable at load time
/root/hfcldd-4.8.22.4388/hfcl_detect.c:13568:49: note: (near initialization for ‘hfcldd_driver_template_mp.tag_alloc_policy’)
In file included from /root/hfcldd-4.8.22.4388/hfcldd.h:54:
/root/hfcldd-4.8.22.4388/hfcl_detect.c:13581:15: warning: no previous prototype for ‘hfc_strategy_pfb’ [-Wmissing-prototypes]
13581 | DEF_SCSI_QCMD(hfc_strategy_pfb)
      |               ^~~~~~~~~~~~~~~~
./include/scsi/scsi_host.h:512:13: note: in definition of macro ‘DEF_SCSI_QCMD’
  512 |         int func_name(struct Scsi_Host *shost, struct scsi_cmnd *cmd)   \
      |             ^~~~~~~~~
/root/hfcldd-4.8.22.4388/hfcl_detect.c: In function ‘hfc_strategy_pfb’:
/root/hfcldd-4.8.22.4388/hfcl_detect.c:13581:15: error: too few arguments to function ‘hfc_strategy_pfb_lck’
13581 | DEF_SCSI_QCMD(hfc_strategy_pfb)
      |               ^~~~~~~~~~~~~~~~
./include/scsi/scsi_host.h:517:22: note: in definition of macro ‘DEF_SCSI_QCMD’
  517 |                 rc = func_name##_lck(cmd);                              \
      |                      ^~~~~~~~~
/root/hfcldd-4.8.22.4388/hfcl_detect.c:397:5: note: declared here
  397 | int hfc_strategy_pfb_lck(struct scsi_cmnd *cmnd, void (*iodone)(struct scsi_cmnd *));
      |     ^~~~~~~~~~~~~~~~~~~~
/root/hfcldd-4.8.22.4388/hfcl_detect.c: At top level:
/root/hfcldd-4.8.22.4388/hfcl_detect.c:13586:10: error: ‘struct scsi_host_template’ has no member named ‘proc_dir’
13586 |         .proc_dir=                                      NULL,
      |          ^~~~~~~~
./include/linux/stddef.h:8:14: warning: initialization of ‘unsigned int’ from ‘void *’ makes integer from pointer without a cast [-Wint-conversion]
    8 | #define NULL ((void *)0)
      |              ^
/root/hfcldd-4.8.22.4388/hfcl_detect.c:13586:57: note: in expansion of macro ‘NULL’
13586 |         .proc_dir=                                      NULL,
      |                                                         ^~~~
./include/linux/stddef.h:8:14: note: (near initialization for ‘hfcldd_driver_template_platform_bus.cmd_size’)
    8 | #define NULL ((void *)0)
      |              ^
/root/hfcldd-4.8.22.4388/hfcl_detect.c:13586:57: note: in expansion of macro ‘NULL’
13586 |         .proc_dir=                                      NULL,
      |                                                         ^~~~
/root/hfcldd-4.8.22.4388/hfcl_detect.c:13631:10: error: ‘struct scsi_host_template’ has no member named ‘shost_attrs’
13631 |         .shost_attrs=                           hfcldd_host_attrs_pfb,                                          /* FCLNX-GPL-FX-481 */
      |          ^~~~~~~~~~~
/root/hfcldd-4.8.22.4388/hfcl_detect.c:13631:49: warning: initialization of ‘int’ from ‘struct device_attribute **’ makes integer from pointer without a cast [-Wint-conversion]
13631 |         .shost_attrs=                           hfcldd_host_attrs_pfb,                                          /* FCLNX-GPL-FX-481 */
      |                                                 ^~~~~~~~~~~~~~~~~~~~~
/root/hfcldd-4.8.22.4388/hfcl_detect.c:13631:49: note: (near initialization for ‘hfcldd_driver_template_platform_bus.tag_alloc_policy’)
/root/hfcldd-4.8.22.4388/hfcl_detect.c:13631:49: error: initializer element is not computable at load time
/root/hfcldd-4.8.22.4388/hfcl_detect.c:13631:49: note: (near initialization for ‘hfcldd_driver_template_platform_bus.tag_alloc_policy’)
/root/hfcldd-4.8.22.4388/hfcl_detect.c: In function ‘hfc_ex_probe_one’:
/root/hfcldd-4.8.22.4388/hfcl_detect.c:14069:18: error: implicit declaration of function ‘pci_set_dma_mask’ [-Werror=implicit-function-declaration]
14069 |         if ((rtn=pci_set_dma_mask(pdev, 0xffffffffffffffffULL))==0) {
      |                  ^~~~~~~~~~~~~~~~
/root/hfcldd-4.8.22.4388/hfcl_detect.c:14084:29: error: implicit declaration of function ‘pci_set_consistent_dma_mask’ [-Werror=implicit-function-declaration]
14084 |                         if (pci_set_consistent_dma_mask(pdev, DMA_BIT_MASK(64))) {
      |                             ^~~~~~~~~~~~~~~~~~~~~~~~~~~
/root/hfcldd-4.8.22.4388/hfcl_detect.c: In function ‘hfc_get_statistics’:
/root/hfcldd-4.8.22.4388/hfcl_detect.c:15190:35: error: implicit declaration of function ‘get_seconds’ [-Werror=implicit-function-declaration]
15190 |                         seconds = get_seconds();
      |                                   ^~~~~~~~~~~
cc1: some warnings being treated as errors
make[3]: *** [scripts/Makefile.build:243: /root/hfcldd-4.8.22.4388/hfcl_detect.o] Error 1
make[2]: *** [/usr/src/linux-headers-6.8.0-106-generic/Makefile:1936: /root/hfcldd-4.8.22.4388] Error 2
make[1]: *** [Makefile:240: __sub-make] Error 2
make[1]: Leaving directory '/usr/src/linux-headers-6.8.0-106-generic'
